This file contains any messages produced by compilers while
running configure, to aid debugging if configure makes a mistake.

It was created by libxls configure 1.2.1, which was
generated by GNU Autoconf 2.69.  Invocation command line was

  $ ./configure 

## --------- ##
## Platform. ##
## --------- ##

hostname = imac.home
uname -m = x86_64
uname -r = 13.1.0
uname -s = Darwin
uname -v = Darwin Kernel Version 13.1.0: Thu Jan 16 19:40:37 PST 2014; root:xnu-2422.90.20~2/RELEASE_X86_64

/usr/bin/uname -p = i386
/bin/uname -X     = unknown

/bin/arch              = unknown
/usr/bin/arch -k       = unknown
/usr/convex/getsysinfo = unknown
/usr/bin/hostinfo      = Mach kernel version:
	 Darwin Kernel Version 13.1.0: Thu Jan 16 19:40:37 PST 2014; root:xnu-2422.90.20~2/RELEASE_X86_64
Kernel configured for up to 8 processors.
4 processors are physically available.
8 processors are logically available.
Processor type: i486 (Intel 80486)
Processors active: 0 1 2 3 4 5 6 7
Primary memory available: 32.00 gigabytes
Default processor set: 313 tasks, 1613 threads, 8 processors
Load average: 0.85, Mach factor: 7.14
/bin/machine           = unknown
/usr/bin/oslevel       = unknown
/bin/universe          = unknown

PATH: /Users/gaminghorror/.apportable/SDK/bin
PATH: /Users/gaminghorror/.apportable/SDK/bin
PATH: /usr/bin
PATH: /bin
PATH: /usr/sbin
PATH: /sbin
PATH: /usr/local/bin
PATH: /opt/X11/bin


## ----------- ##
## Core tests. ##
## ----------- ##

configure:2476: checking for a BSD-compatible install
configure:2544: result: /usr/bin/install -c
configure:2555: checking whether build environment is sane
configure:2610: result: yes
configure:2761: checking for a thread-safe mkdir -p
configure:2800: result: ./install-sh -c -d
configure:2807: checking for gawk
configure:2837: result: no
configure:2807: checking for mawk
configure:2837: result: no
configure:2807: checking for nawk
configure:2837: result: no
configure:2807: checking for awk
configure:2823: found /usr/bin/awk
configure:2834: result: awk
configure:2845: checking whether make sets $(MAKE)
configure:2867: result: yes
configure:2896: checking whether make supports nested variables
configure:2913: result: yes
configure:3000: checking build system type
configure:3014: result: x86_64-apple-darwin13.1.0
configure:3034: checking host system type
configure:3047: result: x86_64-apple-darwin13.1.0
configure:3118: checking how to print strings
configure:3145: result: printf
configure:3178: checking for style of include used by make
configure:3206: result: GNU
configure:3277: checking for gcc
configure:3293: found /usr/bin/gcc
configure:3304: result: gcc
configure:3533: checking for C compiler version
configure:3542: gcc --version >&5
Apple LLVM version 5.1 (clang-503.0.38) (based on LLVM 3.4svn)
Target: x86_64-apple-darwin13.1.0
Thread model: posix
Configured with: --prefix=/Applications/Xcode.app/Contents/Developer/usr --with-gxx-include-dir=/Applications/Xcode.app/Contents/Developer/Platforms/MacOSX.platform/Developer/SDKs/MacOSX10.9.sdk/usr/include/c++/4.2.1
configure:3553: $? = 0
configure:3542: gcc -v >&5
Configured with: --prefix=/Applications/Xcode.app/Contents/Developer/usr --with-gxx-include-dir=/Applications/Xcode.app/Contents/Developer/Platforms/MacOSX.platform/Developer/SDKs/MacOSX10.9.sdk/usr/include/c++/4.2.1
Apple LLVM version 5.1 (clang-503.0.38) (based on LLVM 3.4svn)
Target: x86_64-apple-darwin13.1.0
Thread model: posix
configure:3553: $? = 0
configure:3542: gcc -V >&5
clang: error: argument to '-V' is missing (expected 1 value)
clang: error: no input files
configure:3553: $? = 1
configure:3542: gcc -qversion >&5
clang: error: unknown argument: '-qversion' [-Wunused-command-line-argument-hard-error-in-future]
clang: note: this will be a hard error (cannot be downgraded to a warning) in the future
clang: error: no input files
configure:3553: $? = 1
configure:3573: checking whether the C compiler works
configure:3595: gcc    conftest.c  >&5
configure:3599: $? = 0
configure:3647: result: yes
configure:3650: checking for C compiler default output file name
configure:3652: result: a.out
configure:3658: checking for suffix of executables
configure:3665: gcc -o conftest    conftest.c  >&5
configure:3669: $? = 0
configure:3691: result: 
configure:3713: checking whether we are cross compiling
configure:3721: gcc -o conftest    conftest.c  >&5
configure:3725: $? = 0
configure:3732: ./conftest
configure:3736: $? = 0
configure:3751: result: no
configure:3756: checking for suffix of object files
configure:3778: gcc -c   conftest.c >&5
configure:3782: $? = 0
configure:3803: result: o
configure:3807: checking whether we are using the GNU C compiler
configure:3826: gcc -c   conftest.c >&5
configure:3826: $? = 0
configure:3835: result: yes
configure:3844: checking whether gcc accepts -g
configure:3864: gcc -c -g  conftest.c >&5
configure:3864: $? = 0
configure:3905: result: yes
configure:3922: checking for gcc option to accept ISO C89
configure:3985: gcc  -c -g -O2  conftest.c >&5
configure:3985: $? = 0
configure:3998: result: none needed
configure:4020: checking dependency style of gcc
configure:4131: result: gcc3
configure:4146: checking for a sed that does not truncate output
configure:4210: result: /usr/bin/sed
configure:4228: checking for grep that handles long lines and -e
configure:4286: result: /usr/bin/grep
configure:4291: checking for egrep
configure:4353: result: /usr/bin/grep -E
configure:4358: checking for fgrep
configure:4420: result: /usr/bin/grep -F
configure:4455: checking for ld used by gcc
configure:4522: result: /Applications/Xcode.app/Contents/Developer/Toolchains/XcodeDefault.xctoolchain/usr/bin/ld
configure:4529: checking if the linker (/Applications/Xcode.app/Contents/Developer/Toolchains/XcodeDefault.xctoolchain/usr/bin/ld) is GNU ld
configure:4544: result: no
configure:4556: checking for BSD- or MS-compatible name lister (nm)
configure:4605: result: /usr/bin/nm
configure:4735: checking the name lister (/usr/bin/nm) interface
configure:4742: gcc -c -g -O2  conftest.c >&5
configure:4745: /usr/bin/nm "conftest.o"
configure:4748: output
000000000000022c S _some_variable
configure:4755: result: BSD nm
configure:4758: checking whether ln -s works
configure:4762: result: yes
configure:4770: checking the maximum length of command line arguments
configure:4895: result: 196608
configure:4912: checking whether the shell understands some XSI constructs
configure:4922: result: yes
configure:4926: checking whether the shell understands "+="
configure:4932: result: yes
configure:4967: checking for /Applications/Xcode.app/Contents/Developer/Toolchains/XcodeDefault.xctoolchain/usr/bin/ld option to reload object files
configure:4974: result: -r
configure:5043: checking for objdump
configure:5073: result: no
configure:5102: checking how to recognize dependent libraries
configure:5304: result: pass_all
configure:5364: checking for ar
configure:5380: found /usr/bin/ar
configure:5391: result: ar
configure:5469: checking for strip
configure:5485: found /usr/bin/strip
configure:5496: result: strip
configure:5568: checking for ranlib
configure:5584: found /usr/bin/ranlib
configure:5595: result: ranlib
configure:5697: checking command to parse /usr/bin/nm output from gcc object
configure:5815: gcc -c -g -O2  conftest.c >&5
configure:5818: $? = 0
configure:5822: /usr/bin/nm conftest.o \| sed -n -e 's/^.*[ ]\([BCDEGRST][BCDEGRST]*\)[ ][ ]*\([_A-Za-z][_A-Za-z0-9]*\)$/\1 \2 \2/p' \> conftest.nm
configure:5825: $? = 0
cannot find nm_test_var in conftest.nm
configure:5815: gcc -c -g -O2  conftest.c >&5
configure:5818: $? = 0
configure:5822: /usr/bin/nm conftest.o \| sed -n -e 's/^.*[ ]\([BCDEGRST][BCDEGRST]*\)[ ][ ]*_\([_A-Za-z][_A-Za-z0-9]*\)$/\1 _\2 \2/p' \> conftest.nm
configure:5825: $? = 0
configure:5879: gcc -o conftest -g -O2   conftest.c conftstm.o >&5
configure:5882: $? = 0
configure:5920: result: ok
configure:6185: checking for dsymutil
configure:6201: found /usr/bin/dsymutil
configure:6212: result: dsymutil
configure:6277: checking for nmedit
configure:6293: found /usr/bin/nmedit
configure:6304: result: nmedit
configure:6369: checking for lipo
configure:6385: found /usr/bin/lipo
configure:6396: result: lipo
configure:6461: checking for otool
configure:6477: found /usr/bin/otool
configure:6488: result: otool
configure:6553: checking for otool64
configure:6583: result: no
configure:6628: checking for -single_module linker flag
gcc -g -O2  -o libconftest.dylib -dynamiclib -Wl,-single_module conftest.c
configure:6655: result: yes
configure:6657: checking for -exported_symbols_list linker flag
configure:6677: gcc -o conftest -g -O2   -Wl,-exported_symbols_list,conftest.sym conftest.c  >&5
configure:6677: $? = 0
configure:6687: result: yes
configure:6689: checking for -force_load linker flag
gcc -g -O2 -c -o conftest.o conftest.c
ar cru libconftest.a conftest.o
ranlib libconftest.a
gcc -g -O2  -o conftest conftest.c -Wl,-force_load,./libconftest.a
configure:6719: result: yes
configure:6761: checking how to run the C preprocessor
configure:6792: gcc -E  conftest.c
configure:6792: $? = 0
configure:6806: gcc -E  conftest.c
conftest.c:14:10: fatal error: 'ac_nonexistent.h' file not found
#include <ac_nonexistent.h>
         ^
1 error generated.
configure:6806: $? = 1
configure: failed program was:
| /* confdefs.h */
| #define PACKAGE_NAME "libxls"
| #define PACKAGE_TARNAME "libxls"
| #define PACKAGE_VERSION "1.2.1"
| #define PACKAGE_STRING "libxls 1.2.1"
| #define PACKAGE_BUGREPORT "dhoerl@users.sourceforge.net"
| #define PACKAGE_URL ""
| #define LIBXLS_MAJOR_VERSION 1
| #define LIBXLS_MINOR_VERSION 2
| #define LIBXLS_MICRO_VERSION 1
| #define PACKAGE "libxls"
| #define VERSION "1.2.1"
| /* end confdefs.h.  */
| #include <ac_nonexistent.h>
configure:6831: result: gcc -E
configure:6851: gcc -E  conftest.c
configure:6851: $? = 0
configure:6865: gcc -E  conftest.c
conftest.c:14:10: fatal error: 'ac_nonexistent.h' file not found
#include <ac_nonexistent.h>
         ^
1 error generated.
configure:6865: $? = 1
configure: failed program was:
| /* confdefs.h */
| #define PACKAGE_NAME "libxls"
| #define PACKAGE_TARNAME "libxls"
| #define PACKAGE_VERSION "1.2.1"
| #define PACKAGE_STRING "libxls 1.2.1"
| #define PACKAGE_BUGREPORT "dhoerl@users.sourceforge.net"
| #define PACKAGE_URL ""
| #define LIBXLS_MAJOR_VERSION 1
| #define LIBXLS_MINOR_VERSION 2
| #define LIBXLS_MICRO_VERSION 1
| #define PACKAGE "libxls"
| #define VERSION "1.2.1"
| /* end confdefs.h.  */
| #include <ac_nonexistent.h>
configure:6894: checking for ANSI C header files
configure:6914: gcc -c -g -O2  conftest.c >&5
configure:6914: $? = 0
configure:6987: gcc -o conftest -g -O2   conftest.c  >&5
configure:6987: $? = 0
configure:6987: ./conftest
configure:6987: $? = 0
configure:6998: result: yes
configure:7011: checking for sys/types.h
configure:7011: gcc -c -g -O2  conftest.c >&5
configure:7011: $? = 0
configure:7011: result: yes
configure:7011: checking for sys/stat.h
configure:7011: gcc -c -g -O2  conftest.c >&5
configure:7011: $? = 0
configure:7011: result: yes
configure:7011: checking for stdlib.h
configure:7011: gcc -c -g -O2  conftest.c >&5
configure:7011: $? = 0
configure:7011: result: yes
configure:7011: checking for string.h
configure:7011: gcc -c -g -O2  conftest.c >&5
configure:7011: $? = 0
configure:7011: result: yes
configure:7011: checking for memory.h
configure:7011: gcc -c -g -O2  conftest.c >&5
configure:7011: $? = 0
configure:7011: result: yes
configure:7011: checking for strings.h
configure:7011: gcc -c -g -O2  conftest.c >&5
configure:7011: $? = 0
configure:7011: result: yes
configure:7011: checking for inttypes.h
configure:7011: gcc -c -g -O2  conftest.c >&5
configure:7011: $? = 0
configure:7011: result: yes
configure:7011: checking for stdint.h
configure:7011: gcc -c -g -O2  conftest.c >&5
configure:7011: $? = 0
configure:7011: result: yes
configure:7011: checking for unistd.h
configure:7011: gcc -c -g -O2  conftest.c >&5
configure:7011: $? = 0
configure:7011: result: yes
configure:7025: checking for dlfcn.h
configure:7025: gcc -c -g -O2  conftest.c >&5
configure:7025: $? = 0
configure:7025: result: yes
configure:7212: checking for objdir
configure:7227: result: .libs
configure:7498: checking if gcc supports -fno-rtti -fno-exceptions
configure:7516: gcc -c -g -O2  -fno-rtti -fno-exceptions conftest.c >&5
configure:7520: $? = 0
configure:7533: result: yes
configure:7553: checking for gcc option to produce PIC
configure:7838: result: -fno-common -DPIC
configure:7850: checking if gcc PIC flag -fno-common -DPIC works
configure:7868: gcc -c -g -O2  -fno-common -DPIC -DPIC conftest.c >&5
configure:7872: $? = 0
configure:7885: result: yes
configure:7909: checking if gcc static flag -static works
configure:7937: result: no
configure:7952: checking if gcc supports -c -o file.o
configure:7973: gcc -c -g -O2  -o out/conftest2.o conftest.c >&5
configure:7977: $? = 0
configure:7999: result: yes
configure:8007: checking if gcc supports -c -o file.o
configure:8054: result: yes
configure:8087: checking whether the gcc linker (/Applications/Xcode.app/Contents/Developer/Toolchains/XcodeDefault.xctoolchain/usr/bin/ld) supports shared libraries
configure:9162: result: yes
configure:9407: checking dynamic linker characteristics
configure:10084: result: darwin13.1.0 dyld
configure:10191: checking how to hardcode library paths into programs
configure:10216: result: immediate
configure:10756: checking whether stripping libraries is possible
configure:10770: result: yes
configure:10796: checking if libtool supports shared libraries
configure:10798: result: yes
configure:10801: checking whether to build shared libraries
configure:10822: result: yes
configure:10825: checking whether to build static libraries
configure:10829: result: yes
configure:10913: checking for gcc
configure:10940: result: gcc
configure:11169: checking for C compiler version
configure:11178: gcc --version >&5
Apple LLVM version 5.1 (clang-503.0.38) (based on LLVM 3.4svn)
Target: x86_64-apple-darwin13.1.0
Thread model: posix
Configured with: --prefix=/Applications/Xcode.app/Contents/Developer/usr --with-gxx-include-dir=/Applications/Xcode.app/Contents/Developer/Platforms/MacOSX.platform/Developer/SDKs/MacOSX10.9.sdk/usr/include/c++/4.2.1
configure:11189: $? = 0
configure:11178: gcc -v >&5
Configured with: --prefix=/Applications/Xcode.app/Contents/Developer/usr --with-gxx-include-dir=/Applications/Xcode.app/Contents/Developer/Platforms/MacOSX.platform/Developer/SDKs/MacOSX10.9.sdk/usr/include/c++/4.2.1
Apple LLVM version 5.1 (clang-503.0.38) (based on LLVM 3.4svn)
Target: x86_64-apple-darwin13.1.0
Thread model: posix
configure:11189: $? = 0
configure:11178: gcc -V >&5
clang: error: argument to '-V' is missing (expected 1 value)
clang: error: no input files
configure:11189: $? = 1
configure:11178: gcc -qversion >&5
clang: error: unknown argument: '-qversion' [-Wunused-command-line-argument-hard-error-in-future]
clang: note: this will be a hard error (cannot be downgraded to a warning) in the future
clang: error: no input files
configure:11189: $? = 1
configure:11193: checking whether we are using the GNU C compiler
configure:11221: result: yes
configure:11230: checking whether gcc accepts -g
configure:11291: result: yes
configure:11308: checking for gcc option to accept ISO C89
configure:11384: result: none needed
configure:11406: checking dependency style of gcc
configure:11517: result: gcc3
configure:11532: checking for gcc option to accept ISO C99
configure:11681: gcc  -c -g -O2  conftest.c >&5
configure:11681: $? = 0
configure:11694: result: none needed
configure:11767: checking for g++
configure:11783: found /usr/bin/g++
configure:11794: result: g++
configure:11821: checking for C++ compiler version
configure:11830: g++ --version >&5
Apple LLVM version 5.1 (clang-503.0.38) (based on LLVM 3.4svn)
Target: x86_64-apple-darwin13.1.0
Thread model: posix
Configured with: --prefix=/Applications/Xcode.app/Contents/Developer/usr --with-gxx-include-dir=/Applications/Xcode.app/Contents/Developer/Platforms/MacOSX.platform/Developer/SDKs/MacOSX10.9.sdk/usr/include/c++/4.2.1
configure:11841: $? = 0
configure:11830: g++ -v >&5
Configured with: --prefix=/Applications/Xcode.app/Contents/Developer/usr --with-gxx-include-dir=/Applications/Xcode.app/Contents/Developer/Platforms/MacOSX.platform/Developer/SDKs/MacOSX10.9.sdk/usr/include/c++/4.2.1
Apple LLVM version 5.1 (clang-503.0.38) (based on LLVM 3.4svn)
Target: x86_64-apple-darwin13.1.0
Thread model: posix
configure:11841: $? = 0
configure:11830: g++ -V >&5
clang: error: argument to '-V' is missing (expected 1 value)
clang: error: no input files
configure:11841: $? = 1
configure:11830: g++ -qversion >&5
clang: error: unknown argument: '-qversion' [-Wunused-command-line-argument-hard-error-in-future]
clang: note: this will be a hard error (cannot be downgraded to a warning) in the future
clang: error: no input files
configure:11841: $? = 1
configure:11845: checking whether we are using the GNU C++ compiler
configure:11864: g++ -c   conftest.cpp >&5
configure:11864: $? = 0
configure:11873: result: yes
configure:11882: checking whether g++ accepts -g
configure:11902: g++ -c -g  conftest.cpp >&5
configure:11902: $? = 0
configure:11943: result: yes
configure:11968: checking dependency style of g++
configure:12079: result: gcc3
configure:12102: checking how to run the C++ preprocessor
configure:12129: g++ -E  conftest.cpp
configure:12129: $? = 0
configure:12143: g++ -E  conftest.cpp
conftest.cpp:26:10: fatal error: 'ac_nonexistent.h' file not found
#include <ac_nonexistent.h>
         ^
1 error generated.
configure:12143: $? = 1
configure: failed program was:
| /* confdefs.h */
| #define PACKAGE_NAME "libxls"
| #define PACKAGE_TARNAME "libxls"
| #define PACKAGE_VERSION "1.2.1"
| #define PACKAGE_STRING "libxls 1.2.1"
| #define PACKAGE_BUGREPORT "dhoerl@users.sourceforge.net"
| #define PACKAGE_URL ""
| #define LIBXLS_MAJOR_VERSION 1
| #define LIBXLS_MINOR_VERSION 2
| #define LIBXLS_MICRO_VERSION 1
| #define PACKAGE "libxls"
| #define VERSION "1.2.1"
| #define STDC_HEADERS 1
| #define HAVE_SYS_TYPES_H 1
| #define HAVE_SYS_STAT_H 1
| #define HAVE_STDLIB_H 1
| #define HAVE_STRING_H 1
| #define HAVE_MEMORY_H 1
| #define HAVE_STRINGS_H 1
| #define HAVE_INTTYPES_H 1
| #define HAVE_STDINT_H 1
| #define HAVE_UNISTD_H 1
| #define HAVE_DLFCN_H 1
| #define LT_OBJDIR ".libs/"
| /* end confdefs.h.  */
| #include <ac_nonexistent.h>
configure:12168: result: g++ -E
configure:12188: g++ -E  conftest.cpp
configure:12188: $? = 0
configure:12202: g++ -E  conftest.cpp
conftest.cpp:26:10: fatal error: 'ac_nonexistent.h' file not found
#include <ac_nonexistent.h>
         ^
1 error generated.
configure:12202: $? = 1
configure: failed program was:
| /* confdefs.h */
| #define PACKAGE_NAME "libxls"
| #define PACKAGE_TARNAME "libxls"
| #define PACKAGE_VERSION "1.2.1"
| #define PACKAGE_STRING "libxls 1.2.1"
| #define PACKAGE_BUGREPORT "dhoerl@users.sourceforge.net"
| #define PACKAGE_URL ""
| #define LIBXLS_MAJOR_VERSION 1
| #define LIBXLS_MINOR_VERSION 2
| #define LIBXLS_MICRO_VERSION 1
| #define PACKAGE "libxls"
| #define VERSION "1.2.1"
| #define STDC_HEADERS 1
| #define HAVE_SYS_TYPES_H 1
| #define HAVE_SYS_STAT_H 1
| #define HAVE_STDLIB_H 1
| #define HAVE_STRING_H 1
| #define HAVE_MEMORY_H 1
| #define HAVE_STRINGS_H 1
| #define HAVE_INTTYPES_H 1
| #define HAVE_STDINT_H 1
| #define HAVE_UNISTD_H 1
| #define HAVE_DLFCN_H 1
| #define LT_OBJDIR ".libs/"
| /* end confdefs.h.  */
| #include <ac_nonexistent.h>
configure:12370: checking for ld used by g++
configure:12437: result: /Applications/Xcode.app/Contents/Developer/Toolchains/XcodeDefault.xctoolchain/usr/bin/ld
configure:12444: checking if the linker (/Applications/Xcode.app/Contents/Developer/Toolchains/XcodeDefault.xctoolchain/usr/bin/ld) is GNU ld
configure:12459: result: no
configure:12514: checking whether the g++ linker (/Applications/Xcode.app/Contents/Developer/Toolchains/XcodeDefault.xctoolchain/usr/bin/ld) supports shared libraries
configure:13446: result: yes
configure:13474: g++ -c -g -O2  conftest.cpp >&5
configure:13477: $? = 0
configure:13659: checking for g++ option to produce PIC
configure:13981: result: -fno-common -DPIC
configure:13990: checking if g++ PIC flag -fno-common -DPIC works
configure:14008: g++ -c -g -O2  -fno-common -DPIC -DPIC conftest.cpp >&5
configure:14012: $? = 0
configure:14025: result: yes
configure:14046: checking if g++ static flag -static works
configure:14074: result: no
configure:14086: checking if g++ supports -c -o file.o
configure:14107: g++ -c -g -O2  -o out/conftest2.o conftest.cpp >&5
configure:14111: $? = 0
configure:14133: result: yes
configure:14138: checking if g++ supports -c -o file.o
configure:14185: result: yes
configure:14215: checking whether the g++ linker (/Applications/Xcode.app/Contents/Developer/Toolchains/XcodeDefault.xctoolchain/usr/bin/ld) supports shared libraries
configure:14243: result: yes
configure:14386: checking dynamic linker characteristics
configure:14997: result: darwin13.1.0 dyld
configure:15050: checking how to hardcode library paths into programs
configure:15075: result: immediate
configure:15119: checking for pkg-config
configure:15137: found /usr/local/bin/pkg-config
configure:15150: result: /usr/local/bin/pkg-config
configure:15163: checking for pow
configure:15163: gcc -o conftest -g -O2   conftest.c  >&5
conftest.c:49:6: warning: incompatible redeclaration of library function 'pow' [-Wincompatible-library-redeclaration]
char pow ();
     ^
conftest.c:49:6: note: 'pow' is a builtin with type 'double (double, double)'
1 warning generated.
configure:15163: $? = 0
configure:15163: result: yes
configure:15174: checking for strdup
configure:15174: gcc -o conftest -g -O2   conftest.c  >&5
conftest.c:50:6: warning: incompatible redeclaration of library function 'strdup' [-Wincompatible-library-redeclaration]
char strdup ();
     ^
conftest.c:50:6: note: 'strdup' is a builtin with type 'char *(const char *)'
1 warning generated.
configure:15174: $? = 0
configure:15174: result: yes
configure:15185: checking for asprintf
configure:15185: gcc -o conftest -g -O2   conftest.c  >&5
conftest.c:62:18: warning: format string missing [-Wformat]
return asprintf ();
       ~~~~~~~~  ^
1 warning generated.
configure:15185: $? = 0
configure:15185: result: yes
configure:15196: checking wchar.h usability
configure:15196: gcc -c -g -O2  conftest.c >&5
configure:15196: $? = 0
configure:15196: result: yes
configure:15196: checking wchar.h presence
configure:15196: gcc -E  conftest.c
configure:15196: $? = 0
configure:15196: result: yes
configure:15196: checking for wchar.h
configure:15196: result: yes
configure:15206: checking for an ANSI C-conforming const
configure:15272: gcc -c -g -O2  conftest.c >&5
configure:15272: $? = 0
configure:15279: result: yes
configure:15289: checking for stdlib.h
configure:15289: result: yes
configure:15299: checking for GNU libc compatible malloc
configure:15323: gcc -o conftest -g -O2   conftest.c  >&5
configure:15323: $? = 0
configure:15323: ./conftest
configure:15323: $? = 0
configure:15333: result: yes
configure:15356: checking for stdlib.h
configure:15356: result: yes
configure:15366: checking for GNU libc compatible realloc
configure:15390: gcc -o conftest -g -O2   conftest.c  >&5
configure:15390: $? = 0
configure:15390: ./conftest
configure:15390: $? = 0
configure:15400: result: yes
configure:15422: checking for size_t
configure:15422: gcc -c -g -O2  conftest.c >&5
configure:15422: $? = 0
configure:15422: gcc -c -g -O2  conftest.c >&5
conftest.c:70:21: error: expected expression
if (sizeof ((size_t)))
                    ^
1 error generated.
configure:15422: $? = 1
configure: failed program was:
| /* confdefs.h */
| #define PACKAGE_NAME "libxls"
| #define PACKAGE_TARNAME "libxls"
| #define PACKAGE_VERSION "1.2.1"
| #define PACKAGE_STRING "libxls 1.2.1"
| #define PACKAGE_BUGREPORT "dhoerl@users.sourceforge.net"
| #define PACKAGE_URL ""
| #define LIBXLS_MAJOR_VERSION 1
| #define LIBXLS_MINOR_VERSION 2
| #define LIBXLS_MICRO_VERSION 1
| #define PACKAGE "libxls"
| #define VERSION "1.2.1"
| #define STDC_HEADERS 1
| #define HAVE_SYS_TYPES_H 1
| #define HAVE_SYS_STAT_H 1
| #define HAVE_STDLIB_H 1
| #define HAVE_STRING_H 1
| #define HAVE_MEMORY_H 1
| #define HAVE_STRINGS_H 1
| #define HAVE_INTTYPES_H 1
| #define HAVE_STDINT_H 1
| #define HAVE_UNISTD_H 1
| #define HAVE_DLFCN_H 1
| #define LT_OBJDIR ".libs/"
| #define HAVE_POW 1
| #define HAVE_STRDUP 1
| #define HAVE_ASPRINTF 1
| #define HAVE_WCHAR_H 1
| #define HAVE_STDLIB_H 1
| #define HAVE_MALLOC 1
| #define HAVE_STDLIB_H 1
| #define HAVE_REALLOC 1
| /* end confdefs.h.  */
| #include <stdio.h>
| #ifdef HAVE_SYS_TYPES_H
| # include <sys/types.h>
| #endif
| #ifdef HAVE_SYS_STAT_H
| # include <sys/stat.h>
| #endif
| #ifdef STDC_HEADERS
| # include <stdlib.h>
| # include <stddef.h>
| #else
| # ifdef HAVE_STDLIB_H
| #  include <stdlib.h>
| # endif
| #endif
| #ifdef HAVE_STRING_H
| # if !defined STDC_HEADERS && defined HAVE_MEMORY_H
| #  include <memory.h>
| # endif
| # include <string.h>
| #endif
| #ifdef HAVE_STRINGS_H
| # include <strings.h>
| #endif
| #ifdef HAVE_INTTYPES_H
| # include <inttypes.h>
| #endif
| #ifdef HAVE_STDINT_H
| # include <stdint.h>
| #endif
| #ifdef HAVE_UNISTD_H
| # include <unistd.h>
| #endif
| int
| main ()
| {
| if (sizeof ((size_t)))
| 	    return 0;
|   ;
|   return 0;
| }
configure:15422: result: yes
configure:15457: checking iconv.h usability
configure:15457: gcc -c -g -O2  conftest.c >&5
configure:15457: $? = 0
configure:15457: result: yes
configure:15457: checking iconv.h presence
configure:15457: gcc -E  conftest.c
configure:15457: $? = 0
configure:15457: result: yes
configure:15457: checking for iconv.h
configure:15457: result: yes
configure:15459: checking for iconv
configure:15475: gcc -o conftest -g -O2   conftest.c  >&5
Undefined symbols for architecture x86_64:
  "_iconv", referenced from:
      _main in conftest-374e8a.o
  "_iconv_open", referenced from:
      _main in conftest-374e8a.o
ld: symbol(s) not found for architecture x86_64
clang: error: linker command failed with exit code 1 (use -v to see invocation)
configure:15475: $? = 1
configure: failed program was:
| /* confdefs.h */
| #define PACKAGE_NAME "libxls"
| #define PACKAGE_TARNAME "libxls"
| #define PACKAGE_VERSION "1.2.1"
| #define PACKAGE_STRING "libxls 1.2.1"
| #define PACKAGE_BUGREPORT "dhoerl@users.sourceforge.net"
| #define PACKAGE_URL ""
| #define LIBXLS_MAJOR_VERSION 1
| #define LIBXLS_MINOR_VERSION 2
| #define LIBXLS_MICRO_VERSION 1
| #define PACKAGE "libxls"
| #define VERSION "1.2.1"
| #define STDC_HEADERS 1
| #define HAVE_SYS_TYPES_H 1
| #define HAVE_SYS_STAT_H 1
| #define HAVE_STDLIB_H 1
| #define HAVE_STRING_H 1
| #define HAVE_MEMORY_H 1
| #define HAVE_STRINGS_H 1
| #define HAVE_INTTYPES_H 1
| #define HAVE_STDINT_H 1
| #define HAVE_UNISTD_H 1
| #define HAVE_DLFCN_H 1
| #define LT_OBJDIR ".libs/"
| #define HAVE_POW 1
| #define HAVE_STRDUP 1
| #define HAVE_ASPRINTF 1
| #define HAVE_WCHAR_H 1
| #define HAVE_STDLIB_H 1
| #define HAVE_MALLOC 1
| #define HAVE_STDLIB_H 1
| #define HAVE_REALLOC 1
| #define NDEBUG 1
| /* end confdefs.h.  */
| #include <stdlib.h>
| #include <iconv.h>
| int
| main ()
| {
| 
| iconv_t cd = iconv_open ("","");
| iconv (cd, NULL, NULL, NULL, NULL);
|   ;
|   return 0;
| }
configure:15482: result: no
configure:15484: checking for iconv in -liconv
configure:15506: gcc -o conftest -g -O2    conftest.c  -liconv >&5
configure:15506: $? = 0
configure:15508: result: yes
configure:15654: checking that generated files are newer than configure
configure:15660: result: done
configure:15691: creating ./config.status

## ---------------------- ##
## Running config.status. ##
## ---------------------- ##

This file was extended by libxls config.status 1.2.1, which was
generated by GNU Autoconf 2.69.  Invocation command line was

  CONFIG_FILES    = 
  CONFIG_HEADERS  = 
  CONFIG_LINKS    = 
  CONFIG_COMMANDS = 
  $ ./config.status 

on imac.home

config.status:1153: creating Makefile
config.status:1153: creating include/Makefile
config.status:1153: creating include/libxls/Makefile
config.status:1153: creating src/Makefile
config.status:1153: creating test/Makefile
config.status:1153: creating config.h
config.status:1382: executing depfiles commands
config.status:1382: executing libtool commands
configure:18184: ---
configure:18186: catdoc users: avoid xls2csv conflicts, use ./configure --program-prefix=lib to get libxls2csv
configure:18188: ---

## ---------------- ##
## Cache variables. ##
## ---------------- ##

ac_cv_build=x86_64-apple-darwin13.1.0
ac_cv_c_compiler_gnu=yes
ac_cv_c_const=yes
ac_cv_cxx_compiler_gnu=yes
ac_cv_env_CCC_set=
ac_cv_env_CCC_value=
ac_cv_env_CC_set=
ac_cv_env_CC_value=
ac_cv_env_CFLAGS_set=
ac_cv_env_CFLAGS_value=
ac_cv_env_CPPFLAGS_set=
ac_cv_env_CPPFLAGS_value=
ac_cv_env_CPP_set=
ac_cv_env_CPP_value=
ac_cv_env_CXXCPP_set=
ac_cv_env_CXXCPP_value=
ac_cv_env_CXXFLAGS_set=
ac_cv_env_CXXFLAGS_value=
ac_cv_env_CXX_set=
ac_cv_env_CXX_value=
ac_cv_env_LDFLAGS_set=
ac_cv_env_LDFLAGS_value=
ac_cv_env_LIBS_set=
ac_cv_env_LIBS_value=
ac_cv_env_build_alias_set=
ac_cv_env_build_alias_value=
ac_cv_env_host_alias_set=
ac_cv_env_host_alias_value=
ac_cv_env_target_alias_set=
ac_cv_env_target_alias_value=
ac_cv_func_asprintf=yes
ac_cv_func_malloc_0_nonnull=yes
ac_cv_func_pow=yes
ac_cv_func_realloc_0_nonnull=yes
ac_cv_func_strdup=yes
ac_cv_header_dlfcn_h=yes
ac_cv_header_iconv_h=yes
ac_cv_header_inttypes_h=yes
ac_cv_header_memory_h=yes
ac_cv_header_stdc=yes
ac_cv_header_stdint_h=yes
ac_cv_header_stdlib_h=yes
ac_cv_header_string_h=yes
ac_cv_header_strings_h=yes
ac_cv_header_sys_stat_h=yes
ac_cv_header_sys_types_h=yes
ac_cv_header_unistd_h=yes
ac_cv_header_wchar_h=yes
ac_cv_host=x86_64-apple-darwin13.1.0
ac_cv_objext=o
ac_cv_path_EGREP='/usr/bin/grep -E'
ac_cv_path_FGREP='/usr/bin/grep -F'
ac_cv_path_GREP=/usr/bin/grep
ac_cv_path_PKG_CONFIG=/usr/local/bin/pkg-config
ac_cv_path_SED=/usr/bin/sed
ac_cv_path_install='/usr/bin/install -c'
ac_cv_prog_AWK=awk
ac_cv_prog_CPP='gcc -E'
ac_cv_prog_CXXCPP='g++ -E'
ac_cv_prog_ac_ct_AR=ar
ac_cv_prog_ac_ct_CC=gcc
ac_cv_prog_ac_ct_CXX=g++
ac_cv_prog_ac_ct_DSYMUTIL=dsymutil
ac_cv_prog_ac_ct_LIPO=lipo
ac_cv_prog_ac_ct_NMEDIT=nmedit
ac_cv_prog_ac_ct_OTOOL=otool
ac_cv_prog_ac_ct_RANLIB=ranlib
ac_cv_prog_ac_ct_STRIP=strip
ac_cv_prog_cc_c89=
ac_cv_prog_cc_c99=
ac_cv_prog_cc_g=yes
ac_cv_prog_cxx_g=yes
ac_cv_prog_make_make_set=yes
ac_cv_type_size_t=yes
am_cv_CC_dependencies_compiler_type=gcc3
am_cv_CXX_dependencies_compiler_type=gcc3
am_cv_make_support_nested_variables=yes
lt_cv_apple_cc_single_mod=yes
lt_cv_deplibs_check_method=pass_all
lt_cv_file_magic_cmd='$MAGIC_CMD'
lt_cv_file_magic_test_file=
lt_cv_ld_exported_symbols_list=yes
lt_cv_ld_force_load=yes
lt_cv_ld_reload_flag=-r
lt_cv_nm_interface='BSD nm'
lt_cv_objdir=.libs
lt_cv_path_LD=/Applications/Xcode.app/Contents/Developer/Toolchains/XcodeDefault.xctoolchain/usr/bin/ld
lt_cv_path_LDCXX=/Applications/Xcode.app/Contents/Developer/Toolchains/XcodeDefault.xctoolchain/usr/bin/ld
lt_cv_path_NM=/usr/bin/nm
lt_cv_prog_compiler_c_o=yes
lt_cv_prog_compiler_c_o_CXX=yes
lt_cv_prog_compiler_pic_works=yes
lt_cv_prog_compiler_pic_works_CXX=yes
lt_cv_prog_compiler_rtti_exceptions=yes
lt_cv_prog_compiler_static_works=no
lt_cv_prog_compiler_static_works_CXX=no
lt_cv_prog_gnu_ld=no
lt_cv_prog_gnu_ldcxx=no
lt_cv_sys_global_symbol_pipe='sed -n -e '\''s/^.*[	 ]\([BCDEGRST][BCDEGRST]*\)[	 ][	 ]*_\([_A-Za-z][_A-Za-z0-9]*\)$/\1 _\2 \2/p'\'''
lt_cv_sys_global_symbol_to_c_name_address='sed -n -e '\''s/^: \([^ ]*\) $/  {\"\1\", (void *) 0},/p'\'' -e '\''s/^[BCDEGRST]* \([^ ]*\) \([^ ]*\)$/  {"\2", (void *) \&\2},/p'\'''
lt_cv_sys_global_symbol_to_c_name_address_lib_prefix='sed -n -e '\''s/^: \([^ ]*\) $/  {\"\1\", (void *) 0},/p'\'' -e '\''s/^[BCDEGRST]* \([^ ]*\) \(lib[^ ]*\)$/  {"\2", (void *) \&\2},/p'\'' -e '\''s/^[BCDEGRST]* \([^ ]*\) \([^ ]*\)$/  {"lib\2", (void *) \&\2},/p'\'''
lt_cv_sys_global_symbol_to_cdecl='sed -n -e '\''s/^T .* \(.*\)$/extern int \1();/p'\'' -e '\''s/^[BCDEGRST]* .* \(.*\)$/extern char \1;/p'\'''
lt_cv_sys_max_cmd_len=196608

## ----------------- ##
## Output variables. ##
## ----------------- ##

ACLOCAL='${SHELL} /depot-koboldkit/!prototypes/DHlibxls/libxls/missing aclocal-1.13'
AMDEPBACKSLASH='\'
AMDEP_FALSE='#'
AMDEP_TRUE=''
AMTAR='$${TAR-tar}'
AM_BACKSLASH='\'
AM_DEFAULT_V='$(AM_DEFAULT_VERBOSITY)'
AM_DEFAULT_VERBOSITY='1'
AM_V='$(V)'
AR='ar'
AUTOCONF='${SHELL} /depot-koboldkit/!prototypes/DHlibxls/libxls/missing autoconf'
AUTOHEADER='${SHELL} /depot-koboldkit/!prototypes/DHlibxls/libxls/missing autoheader'
AUTOMAKE='${SHELL} /depot-koboldkit/!prototypes/DHlibxls/libxls/missing automake-1.13'
AWK='awk'
CC='gcc'
CCDEPMODE='depmode=gcc3'
CFLAGS='-g -O2'
CPP='gcc -E'
CPPFLAGS=''
CXX='g++'
CXXCPP='g++ -E'
CXXDEPMODE='depmode=gcc3'
CXXFLAGS='-g -O2'
CYGPATH_W='echo'
DEFS='-DHAVE_CONFIG_H'
DEPDIR='.deps'
DSYMUTIL='dsymutil'
DUMPBIN=''
ECHO_C='\c'
ECHO_N=''
ECHO_T=''
EGREP='/usr/bin/grep -E'
EXEEXT=''
FGREP='/usr/bin/grep -F'
GREP='/usr/bin/grep'
INSTALL_DATA='${INSTALL} -m 644'
INSTALL_PROGRAM='${INSTALL}'
INSTALL_SCRIPT='${INSTALL}'
INSTALL_STRIP_PROGRAM='$(install_sh) -c -s'
LD='/Applications/Xcode.app/Contents/Developer/Toolchains/XcodeDefault.xctoolchain/usr/bin/ld'
LDFLAGS=''
LIBOBJS=''
LIBS=''
LIBTOOL='$(SHELL) $(top_builddir)/libtool'
LIBTOOL_DEPS='./ltmain.sh'
LIBXLS_LIBS=' -liconv '
LIBXLS_MAJOR_VERSION='1'
LIBXLS_MICRO_VERSION='1'
LIBXLS_MINOR_VERSION='2'
LIPO='lipo'
LN_S='ln -s'
LTLIBOBJS=''
MAKEINFO='${SHELL} /depot-koboldkit/!prototypes/DHlibxls/libxls/missing makeinfo'
MKDIR_P='./install-sh -c -d'
NM='/usr/bin/nm'
NMEDIT='nmedit'
OBJDUMP='false'
OBJEXT='o'
OTOOL64=':'
OTOOL='otool'
PACKAGE='libxls'
PACKAGE_BUGREPORT='dhoerl@users.sourceforge.net'
PACKAGE_NAME='libxls'
PACKAGE_STRING='libxls 1.2.1'
PACKAGE_TARNAME='libxls'
PACKAGE_URL=''
PACKAGE_VERSION='1.2.1'
PATH_SEPARATOR=':'
PKG_CONFIG='/usr/local/bin/pkg-config'
RANLIB='ranlib'
SED='/usr/bin/sed'
SET_MAKE=''
SHELL='/bin/sh'
STRIP='strip'
VERSION='1.2.1'
VERSION_INFO='3:1:2'
WITH_ICONV='1'
ac_ct_CC='gcc'
ac_ct_CXX='g++'
ac_ct_DUMPBIN=''
am__EXEEXT_FALSE=''
am__EXEEXT_TRUE='#'
am__fastdepCC_FALSE='#'
am__fastdepCC_TRUE=''
am__fastdepCXX_FALSE='#'
am__fastdepCXX_TRUE=''
am__include='include'
am__isrc=''
am__leading_dot='.'
am__nodep='_no'
am__quote=''
am__tar='$${TAR-tar} chof - "$$tardir"'
am__untar='$${TAR-tar} xf -'
bindir='${exec_prefix}/bin'
build='x86_64-apple-darwin13.1.0'
build_alias=''
build_cpu='x86_64'
build_os='darwin13.1.0'
build_vendor='apple'
datadir='${datarootdir}'
datarootdir='${prefix}/share'
docdir='${datarootdir}/doc/${PACKAGE_TARNAME}'
dvidir='${docdir}'
exec_prefix='${prefix}'
host='x86_64-apple-darwin13.1.0'
host_alias=''
host_cpu='x86_64'
host_os='darwin13.1.0'
host_vendor='apple'
htmldir='${docdir}'
includedir='${prefix}/include'
infodir='${datarootdir}/info'
install_sh='${SHELL} /depot-koboldkit/!prototypes/DHlibxls/libxls/install-sh'
libdir='${exec_prefix}/lib'
libexecdir='${exec_prefix}/libexec'
localedir='${datarootdir}/locale'
localstatedir='${prefix}/var'
mandir='${datarootdir}/man'
mkdir_p='$(MKDIR_P)'
oldincludedir='/usr/include'
pdfdir='${docdir}'
prefix='/usr/local/libxls'
program_transform_name='s,x,x,'
psdir='${docdir}'
sbindir='${exec_prefix}/sbin'
sharedstatedir='${prefix}/com'
sysconfdir='${prefix}/etc'
target_alias=''

## ----------- ##
## confdefs.h. ##
## ----------- ##

/* confdefs.h */
#define PACKAGE_NAME "libxls"
#define PACKAGE_TARNAME "libxls"
#define PACKAGE_VERSION "1.2.1"
#define PACKAGE_STRING "libxls 1.2.1"
#define PACKAGE_BUGREPORT "dhoerl@users.sourceforge.net"
#define PACKAGE_URL ""
#define LIBXLS_MAJOR_VERSION 1
#define LIBXLS_MINOR_VERSION 2
#define LIBXLS_MICRO_VERSION 1
#define PACKAGE "libxls"
#define VERSION "1.2.1"
#define STDC_HEADERS 1
#define HAVE_SYS_TYPES_H 1
#define HAVE_SYS_STAT_H 1
#define HAVE_STDLIB_H 1
#define HAVE_STRING_H 1
#define HAVE_MEMORY_H 1
#define HAVE_STRINGS_H 1
#define HAVE_INTTYPES_H 1
#define HAVE_STDINT_H 1
#define HAVE_UNISTD_H 1
#define HAVE_DLFCN_H 1
#define LT_OBJDIR ".libs/"
#define HAVE_POW 1
#define HAVE_STRDUP 1
#define HAVE_ASPRINTF 1
#define HAVE_WCHAR_H 1
#define HAVE_STDLIB_H 1
#define HAVE_MALLOC 1
#define HAVE_STDLIB_H 1
#define HAVE_REALLOC 1
#define NDEBUG 1
#define HAVE_ICONV 1

configure: exit 0
